Arguments: 
  /Users/javi/.nvm/versions/node/v12.4.0/bin/node /usr/local/Cellar/yarn/1.17.0/libexec/bin/yarn.js start

PATH: 
  /Users/javi/.miniconda3/bin:/Users/javi/.nvm/versions/node/v12.4.0/bin:/usr/local/bin:/usr/bin:/bin:/usr/sbin:/sbin:/Users/javi/.miniconda3/bin:/Users/javi/.nvm/versions/node/v12.4.0/bin:/Users/javi/.dev/flutter/bin:/Users/javi/Library/Android/sdk:/Users/javi/.dev/flutter/bin:/Users/javi/Library/Android/sdk

Yarn version: 
  1.17.0

Node version: 
  12.4.0

Platform: 
  darwin x64

Trace: 
  SyntaxError: /Users/javi/_dev/ghub/_LEARN/playing-with-react/star-ratings/package.json: Unexpected string in JSON at position 209
      at JSON.parse (<anonymous>)
      at /usr/local/Cellar/yarn/1.17.0/libexec/lib/cli.js:1625:59
      at Generator.next (<anonymous>)
      at step (/usr/local/Cellar/yarn/1.17.0/libexec/lib/cli.js:304:30)
      at /usr/local/Cellar/yarn/1.17.0/libexec/lib/cli.js:315:13

npm manifest: 
  {
    "name": "star-ratings",
    "version": "1.0.0",
    "description": "",
    "main": "index.js",
    "scripts": {
      "start": "webpack-dev-server --open",
      "build": "webpack --config webpack.config.js -p"
    }
    "keywords": [],
    "author": "",
    "license": "ISC",
    "dependencies": {
      "react": "^16.12.0",
      "react-dom": "^16.12.0",
      "single-spa": "^4.4.3",
      "single-spa-react": "^2.11.0",
      "single-spa-vue": "^1.8.0",
      "vue": "^2.6.11"
    },
    "devDependencies": {
      "@babel/core": "^7.8.4",
      "@babel/plugin-proposal-object-rest-spread": "^7.8.3",
      "@babel/plugin-syntax-dynamic-import": "^7.8.3",
      "@babel/preset-env": "^7.8.4",
      "@babel/preset-react": "^7.8.3",
      "babel-loader": "^8.0.6",
      "clean-webpack-plugin": "^3.0.0",
      "css-loader": "^3.4.2",
      "html-loader": "^0.5.5",
      "style-loader": "^1.1.3",
      "vue-loader": "^15.9.0",
      "vue-template-compiler": "^2.6.11",
      "webpack": "^4.41.6",
      "webpack-cli": "^3.3.11",
      "webpack-dev-server": "^3.10.3"
    }
  }

yarn manifest: 
  No manifest

Lockfile: 
  No lockfile
